S0x40800000XBb<SEC>Nn+Ms1xA0xbeefdeadbabecafe0x00000000000000650xcdef89ab456701230x00000000000000330x32107654ba98fedc0x0000000000000063By0x000000004100A000
0x0000000000001000
0x0000000041009000
0x0000000000008000
0x0000000040000000
0x0000000041009000
0x000000004100A000
0x000000004100B000
0x0000000000000000
0x0000000000000001
0x0000000000000000
0x0000000000000000
0x0000000000000000
0x0000000000000000
0x0000000000008000
0x0000000000007FFF
0x0000000000000001
2PcVSRF0N0=CDvVB:0:1+K[IMPL]
A:PAGE
0x0000000040000000
0x0000000000000000
0x0000000000000000
0x0000000000000000
0x0000000000000001
0x0000000040000000
0x0000000000000001
0x0000000040001000
0x0000000000000001
0x0000000000000000
0x0000000000000001
0x0000000000000001
0x0000000040001000
0x0000000000000002
0x00000000400000000x0000000040001000A:OK
B:UART
0x0000000040002000
0x0000000000000002
0x0000000000000000
0x0000000000000002
0x0000000000000001
0x0000000040002000
0x0000000000000003
0x0000000040003000
0x0000000000000003
0x0000000000000000
0x0000000000000003
0x0000000000000001
0x0000000040003000
0x0000000000000004
0x0000000040004000
0x0000000000000004
0x0000000000000000
0x0000000000000004
0x0000000000000001
0x0000000040004000
0x0000000000000005
0x00000000090000000xffff8000090000000x006000000000040f0x006000000900040f0x0000000040005000
0x0000000000000005
0x0000000000000000
0x0000000000000005
0x0000000000000001
0x0000000040005000
0x0000000000000006
0x0000000040006000
0x0000000000000006
0x0000000000000000
0x0000000000000006
0x0000000000000001
0x0000000040006000
0x0000000000000007
0x0000000040007000
0x0000000000000007
0x0000000000000000
0x0000000000000007
0x0000000000000001
0x0000000040007000
0x0000000000000008
B:OK
C:KERN
0x00000000400800000x000000004008f1700x00000000400800000x000000004008f1700x00000000400800000x00000000000007470x00000000400800000x0000000040008000
0x0000000000000009
0x0000000040009000
0x000000000000000A
0x00000000400810000x00000000400820000x00000000400830000x00000000400840000x00000000400850000x00000000400860000x00000000400870000x00000000400880000x00000000400890000x000000004008a0000x000000004008b0000x000000004008c0000x000000004008d0000x000000004008e0000x000000004008f0000x00000000410010000x00000000410064900x00000000410010000x00000000410064900x00000000410010000x00600000000007450x00000000410010000x000000004000A000
0x000000000000000B
0x00000000410020000x00000000410030000x00000000410040000x00000000410050000x00000000410060000x00000000410070000x00000000410070100x00000000410070000x00000000410070100x00000000410070000x00600000000007050x00000000410070000x00000000410080000x000000004100883c0x00000000410080000x000000004100883c0x00000000410080000x00600000000007050x0000000041008000C:OK
D:VECT
0x00000000010000000x00000000010000000x00000000010020000x00000000010000000x00000000000007470x00000000010000000x000000004000B000
0x000000000000000C
0x0000000001001000D:OK
E:TRAN
E:START
ADDR:
PH1A:START
0x00000000400790000x000000004009f0000x00000000400790000x000000004009f0000x00000000400790000x00000000000007470x00000000400790000x000000004007a0000x000000004007b0000x000000004007c0000x000000004007d0000x000000004007e0000x000000004007f0000x00000000400800000x00000000400810000x00000000400820000x00000000400830000x00000000400840000x00000000400850000x00000000400860000x00000000400870000x00000000400880000x00000000400890000x000000004008a0000x000000004008b0000x000000004008c0000x000000004008d0000x000000004008e0000x000000004008f0000x00000000400900000x00000000400910000x00000000400920000x00000000400930000x00000000400940000x00000000400950000x00000000400960000x00000000400970000x00000000400980000x00000000400990000x000000004009a0000x000000004009b0000x000000004009c0000x000000004009d0000x000000004009e000PH1A:END
PH1B:START
0xffff8000400790000xffff80004009f0000xffff8000400790000xffff80004009f0000x00000000400790000x00000000000007470xffff8000400790000x000000004000C000
0x000000000000000D
0x000000004000D000
0x000000000000000E
0xffff80004007a0000xffff80004007b0000xffff80004007c0000xffff80004007d0000xffff80004007e0000xffff80004007f0000xffff8000400800000xffff8000400810000xffff8000400820000xffff8000400830000xffff8000400840000xffff8000400850000xffff8000400860000xffff8000400870000xffff8000400880000xffff8000400890000xffff80004008a0000xffff80004008b0000xffff80004008c0000xffff80004008d0000xffff80004008e0000xffff80004008f0000xffff8000400900000xffff8000400910000xffff8000400920000xffff8000400930000xffff8000400940000xffff8000400950000xffff8000400960000xffff8000400970000xffff8000400980000xffff8000400990000xffff80004009a0000xffff80004009b0000xffff80004009c0000xffff80004009d0000xffff80004009e000PH1B:END
STK:MAP
SP:00000000
0x00000000407fd0000x00000000408010000x00000000407fd0000x00600000000007050x00000000407fd0000x000000004000E000
0x000000000000000F
0x00000000407fe0000x00000000407ff0000x00000000408000000x000000004000F000
0x0000000000000010
0xffff8000407fd0000xffff8000408010000x00000000407fd0000x00600000000007050xffff8000407fd0000x0000000040010000
0x0000000000000011
0xffff8000407fe0000xffff8000407ff0000xffff8000408000000x0000000040011000
0x0000000000000012
STK:OK
VERIF:
F0:ID+VI+
F1:ID+VI+
F2:ID+VI+
VERIF:OK
TLB:
TLB:OK
PH1:COMP
E:OK
F:ENAB
MMU:START
ORIG:DEBUG
VERIFY:START
ADDR:
CONT:0x000000004008f000
VIRT:0xffff80004008f000
UPHYS:0x0000000009000000
UVIRT:0xffff800009000000
VECT:0x0000000001000000
VERIFY:LOOP
I0:EXEC
I1:EXEC
I2:NOEXEC
I3:NOEXEC
I4:EXEC
CACHE:START
CACHE:OK
ALIGN:0x0000000040000000/0x0000000000000000|0x0000000040001000/0x0000000000000000
VBAR:0x0000000001000000
TTBR0:0x0000000040000000
TTBR1:0x0000000040001000
S2:TCR:START
TEL:1
TOLD:0x0000000000000000
TVA:48
TBLD:START
TBLD:OK
TNEW:0x0000006135103590
TWRT:START
TWRT:OK
TVFY:0x0000006135103590
S2:T:SUCCESS
S1:MAIR:START
MEL:1
MOLD:0x0000000000000000
MCHK
MBLD:START
MBLD:OK
MNEW:0x000000000444ff00
MWRT:START
MWRT:OK
MVFY:0x000000000444ff00
S1:M:SUCCESS
S3:TTBR:START
T0VFY:0x0000000040000000
T1VFY:0x0000000040001000
S3:T:SUCCESS
PC:START
PC:OK
PC:0x000000004008af80
PC:MOVED
SEQ:START
BRANCH:0x000000004008f000
STEP2:
PHYS:0x000000004008f000
VIRT:0xffff80004008f000
ASM:START
APC:0x000000004008b308
ARG:0x000000004008b000-0x000000004008f000
AMAP:START
0x000000004008b0000x000000004008f0000x000000004008b0000x00000000000007470x000000004008b0000x000000004008c0000x000000004008d0000x000000004008e000AMAP:OK
BAR:PRE
BAR:PRE:OK
TLB:CONSERV
S1:DSBOK
S2:TLBLOK
S3:WAITOK
S4:SKIPOK
S5:ISBOK
TLB:OK
PHYS:1
P1P2CPC:B4F0
FINFW:0CLR:MMU:123VEC:0100L0:4000T0:4000T1:4000EVT:OKCLN:OKEXC:OKCPU:1S000P0I11114A:MIN:1T1:DISDAIF:1111FULLMMUTOSPRESING:DIAG:EL1:SCTR:0:EL1:HCR?
ASM: